2022.07.19 09:13:42 INFO  tracing is disabled for protocol LSP, to enable tracing of incoming and outgoing JSON messages create an empty file at c:\Users\eaana\Documents\Submission\SCS2204---Scala\.metals\lsp.trace.json or C:\Users\eaana\AppData\Local\scalameta\metals\cache\lsp.trace.json
2022.07.19 09:13:43 INFO  logging to file C:\Users\eaana\Documents\Submission\SCS2204---Scala\.metals\metals.log
2022.07.19 09:13:43 INFO  Started: Metals version 0.11.7 in workspace 'C:\Users\eaana\Documents\Submission\SCS2204---Scala' for client Visual Studio Code 1.69.1.
2022.07.19 09:13:43 WARN  Can't instantiate JavaInteractiveSemanticdb (version: Some(JdkVersion(8)), jdkHome: C:\Program Files\Java\jre1.8.0_321, javac exists: false)
2022.07.19 09:13:43 INFO  time: initialize in 0.23s
2022.07.19 09:13:43 WARN  Flyway upgrade recommended: H2 2.1.214 is newer than this version of Flyway and support has not been tested. The latest supported version of H2 is 2.1.210.
2022.07.19 09:13:43 WARN  Build server is not auto-connectable.
2022.07.19 09:13:43 WARN  no build tool detected in workspace 'C:\Users\eaana\Documents\Submission\SCS2204---Scala'. The most common cause for this problem is that the editor was opened in the wrong working directory, for example if you use sbt then the workspace directory should contain build.sbt. 
2022.07.19 09:13:44 WARN  no build target for: C:\Users\eaana\Documents\Submission\SCS2204---Scala\Scala T_3\Q1.scala
2022.07.19 09:13:48 INFO  no build target found for C:\Users\eaana\Documents\Submission\SCS2204---Scala\Scala T_3\Q1.scala. Using presentation compiler with project's scala-library version: 3.1.3
2022.07.19 09:13:48 WARN  no build target for: C:\Users\eaana\Documents\Submission\SCS2204---Scala\Scala T_3\Q2.scala
2022.07.19 09:13:50 INFO  time: code lens generation in 5.15s
2022.07.19 09:13:50 INFO  time: code lens generation in 5.15s
2022.07.19 09:13:50 INFO  time: code lens generation in 1.61s
2022.07.19 09:13:50 INFO  time: code lens generation in 1.61s
2022.07.19 09:14:02 WARN  no build target for: C:\Users\eaana\Documents\Submission\SCS2204---Scala\Scala T_3\Q3.scala
2022.07.19 09:14:03 WARN  no build target for: C:\Users\eaana\Documents\Submission\SCS2204---Scala\Scala T_3\Q4.scala
2022.07.19 09:14:03 WARN  no build target for: C:\Users\eaana\Documents\Submission\SCS2204---Scala\Scala T_3\Q5.scala
2022.07.19 09:14:05 WARN  no build target for: C:\Users\eaana\Documents\Submission\SCS2204---Scala\Scala T_3\Q4.scala
2022.07.19 09:14:07 WARN  no build target for: C:\Users\eaana\Documents\Submission\SCS2204---Scala\Scala T_3\Q5.scala
2022.07.19 09:14:12 WARN  no build target for: C:\Users\eaana\Documents\Submission\SCS2204---Scala\Scala T_3\Q1.scala
2022.07.19 09:14:12 WARN  no build target for: C:\Users\eaana\Documents\Submission\SCS2204---Scala\Scala T_3\Q2.scala
2022.07.19 09:16:26 WARN  no build target for: C:\Users\eaana\Documents\Submission\SCS2204---Scala\Scala T_2\2.scala
2022.07.19 09:19:21 WARN  no build target for: C:\Users\eaana\Documents\Submission\SCS2204---Scala\Scala T_2\2.scala
2022.07.19 09:19:25 WARN  no build target for: C:\Users\eaana\Documents\Submission\SCS2204---Scala\Scala T_2\2.scala
2022.07.19 09:19:30 WARN  no build target for: C:\Users\eaana\Documents\Submission\SCS2204---Scala\Scala T_2\2.scala
2022.07.19 09:19:32 WARN  no build target for: C:\Users\eaana\Documents\Submission\SCS2204---Scala\Scala T_2\2.scala
2022.07.19 09:19:34 INFO  shutting down Metals
